<?xml version="1.0" encoding="UTF-8"?>
<!-- Generated by org.testng.reporters.JUnitXMLReporter -->
<testsuite ignored="16" hostname="SomeshPC" failures="16" tests="16" name="Default test(failed)" time="104.573" errors="0" timestamp="2025-02-02T14:16:12 IST">
  <testcase classname="Test_PACK.A_Registration" name="TC_RF_019_Verify_whether_the_leading_and_trailing_spaces_entered_into_the_Register_Account_fields_are_trimmed" time="2.162">
    <failure type="java.lang.AssertionError" message="The following asserts failed:
	expected [somesh] but found [ somesh  ],
	expected [landge] but found [ landge   ],
	expected [9809074374] but found [  9809074374    ]">
      <![CDATA[java.lang.AssertionError: The following asserts failed:
expected [somesh] but found [ somesh  ],
expected [landge] but found [ landge   ],
expected [9809074374] but found [  9809074374    ]
at Test_PACK.A_Registration.TC_RF_019_Verify_whether_the_leading_and_trailing_spaces_entered_into_the_Register_Account_fields_are_trimmed(A_Registration.java:711)
at java.base/java.util.ArrayList.forEach(ArrayList.java:1597)
... Removed 27 stack frames]]>
    </failure>
  </testcase> <!-- TC_RF_019_Verify_whether_the_leading_and_trailing_spaces_entered_into_the_Register_Account_fields_are_trimmed -->
  <testcase classname="Test_PACK.A_Registration" name="TC_RF_021_Verify_Registering_the_Account_without_selecting_the_Privacy_Policy_checkbox_option" time="0.798">
    <failure type="java.lang.AssertionError" message="The following asserts failed:
	expected [somesh] but found [ somesh  ],
	expected [landge] but found [ landge   ],
	expected [9809074374] but found [  9809074374    ]">
      <![CDATA[java.lang.AssertionError: The following asserts failed:
expected [somesh] but found [ somesh  ],
expected [landge] but found [ landge   ],
expected [9809074374] but found [  9809074374    ]
at Test_PACK.A_Registration.TC_RF_021_Verify_Registering_the_Account_without_selecting_the_Privacy_Policy_checkbox_option(A_Registration.java:743)
at java.base/java.util.ArrayList.forEach(ArrayList.java:1597)
... Removed 27 stack frames]]>
    </failure>
  </testcase> <!-- TC_RF_021_Verify_Registering_the_Account_without_selecting_the_Privacy_Policy_checkbox_option -->
  <testcase classname="Test_PACK.A_Registration" name="TC_RF_011Verify_Registering_Account_by_providing_invalid_phone_number" time="1.706">
    <failure type="java.lang.AssertionError" message="expected [https://tutorialsninja.com/demo/index.php?route=account/register] but found [https://tutorialsninja.com/demo/index.php?route=account/success]">
      <![CDATA[java.lang.AssertionError: expected [https://tutorialsninja.com/demo/index.php?route=account/register] but found [https://tutorialsninja.com/demo/index.php?route=account/success]
at Test_PACK.A_Registration.TC_RF_011Verify_Registering_Account_by_providing_invalid_phone_number(A_Registration.java:429)
at java.base/java.util.ArrayList.forEach(ArrayList.java:1597)
... Removed 31 stack frames]]>
    </failure>
  </testcase> <!-- TC_RF_011Verify_Registering_Account_by_providing_invalid_phone_number -->
  <testcase classname="Test_PACK.A_Registration" name="TC_RF_011Verify_Registering_Account_by_providing_invalid_phone_number" time="1.364">
    <failure type="java.lang.AssertionError" message="expected [https://tutorialsninja.com/demo/index.php?route=account/register] but found [https://tutorialsninja.com/demo/index.php?route=account/success]">
      <![CDATA[java.lang.AssertionError: expected [https://tutorialsninja.com/demo/index.php?route=account/register] but found [https://tutorialsninja.com/demo/index.php?route=account/success]
at Test_PACK.A_Registration.TC_RF_011Verify_Registering_Account_by_providing_invalid_phone_number(A_Registration.java:429)
at java.base/java.util.ArrayList.forEach(ArrayList.java:1597)
... Removed 31 stack frames]]>
    </failure>
  </testcase> <!-- TC_RF_011Verify_Registering_Account_by_providing_invalid_phone_number -->
  <testcase classname="Test_PACK.A_Registration" name="TC_RF_017_Verify_whether_the_Password_fields_in_the_Register_Account_page_are_following_Password_Complexity_Standards" time="1.198">
    <failure type="java.lang.AssertionError" message="The following asserts failed:
	expected [somesh] but found [ somesh  ],
	expected [landge] but found [ landge   ],
	expected [9809074374] but found [  9809074374    ]">
      <![CDATA[java.lang.AssertionError: The following asserts failed:
expected [somesh] but found [ somesh  ],
expected [landge] but found [ landge   ],
expected [9809074374] but found [  9809074374    ]
at Test_PACK.A_Registration.TC_RF_017_Verify_whether_the_Password_fields_in_the_Register_Account_page_are_following_Password_Complexity_Standards(A_Registration.java:649)
at java.base/java.util.ArrayList.forEach(ArrayList.java:1597)
... Removed 27 stack frames]]>
    </failure>
  </testcase> <!-- TC_RF_017_Verify_whether_the_Password_fields_in_the_Register_Account_page_are_following_Password_Complexity_Standards -->
  <testcase classname="Test_PACK.A_Registration" name="TC_RF_017_Verify_whether_the_Password_fields_in_the_Register_Account_page_are_following_Password_Complexity_Standards" time="1.426">
    <failure type="java.lang.AssertionError" message="The following asserts failed:
	expected [somesh] but found [ somesh  ],
	expected [landge] but found [ landge   ],
	expected [9809074374] but found [  9809074374    ],
	expected [false] but found [true]">
      <![CDATA[java.lang.AssertionError: The following asserts failed:
expected [somesh] but found [ somesh  ],
expected [landge] but found [ landge   ],
expected [9809074374] but found [  9809074374    ],
expected [false] but found [true]
at Test_PACK.A_Registration.TC_RF_017_Verify_whether_the_Password_fields_in_the_Register_Account_page_are_following_Password_Complexity_Standards(A_Registration.java:649)
at java.base/java.util.ArrayList.forEach(ArrayList.java:1597)
... Removed 27 stack frames]]>
    </failure>
  </testcase> <!-- TC_RF_017_Verify_whether_the_Password_fields_in_the_Register_Account_page_are_following_Password_Complexity_Standards -->
  <testcase classname="Test_PACK.A_Registration" name="TC_RF_017_Verify_whether_the_Password_fields_in_the_Register_Account_page_are_following_Password_Complexity_Standards" time="2.43">
    <failure type="java.lang.AssertionError" message="The following asserts failed:
	expected [somesh] but found [ somesh  ],
	expected [landge] but found [ landge   ],
	expected [9809074374] but found [  9809074374    ],
	expected [false] but found [true],
	expected [false] but found [true]">
      <![CDATA[java.lang.AssertionError: The following asserts failed:
expected [somesh] but found [ somesh  ],
expected [landge] but found [ landge   ],
expected [9809074374] but found [  9809074374    ],
expected [false] but found [true],
expected [false] but found [true]
at Test_PACK.A_Registration.TC_RF_017_Verify_whether_the_Password_fields_in_the_Register_Account_page_are_following_Password_Complexity_Standards(A_Registration.java:649)
at java.base/java.util.ArrayList.forEach(ArrayList.java:1597)
... Removed 27 stack frames]]>
    </failure>
  </testcase> <!-- TC_RF_017_Verify_whether_the_Password_fields_in_the_Register_Account_page_are_following_Password_Complexity_Standards -->
  <testcase classname="Test_PACK.A_Registration" name="TC_RF_017_Verify_whether_the_Password_fields_in_the_Register_Account_page_are_following_Password_Complexity_Standards" time="1.465">
    <failure type="java.lang.AssertionError" message="The following asserts failed:
	expected [somesh] but found [ somesh  ],
	expected [landge] but found [ landge   ],
	expected [9809074374] but found [  9809074374    ],
	expected [false] but found [true],
	expected [false] but found [true],
	expected [false] but found [true]">
      <![CDATA[java.lang.AssertionError: The following asserts failed:
expected [somesh] but found [ somesh  ],
expected [landge] but found [ landge   ],
expected [9809074374] but found [  9809074374    ],
expected [false] but found [true],
expected [false] but found [true],
expected [false] but found [true]
at Test_PACK.A_Registration.TC_RF_017_Verify_whether_the_Password_fields_in_the_Register_Account_page_are_following_Password_Complexity_Standards(A_Registration.java:649)
at java.base/java.util.ArrayList.forEach(ArrayList.java:1597)
... Removed 27 stack frames]]>
    </failure>
  </testcase> <!-- TC_RF_017_Verify_whether_the_Password_fields_in_the_Register_Account_page_are_following_Password_Complexity_Standards -->
  <testcase classname="Test_PACK.A_Registration" name="TC_RF_017_Verify_whether_the_Password_fields_in_the_Register_Account_page_are_following_Password_Complexity_Standards" time="1.434">
    <failure type="java.lang.AssertionError" message="The following asserts failed:
	expected [somesh] but found [ somesh  ],
	expected [landge] but found [ landge   ],
	expected [9809074374] but found [  9809074374    ],
	expected [false] but found [true],
	expected [false] but found [true],
	expected [false] but found [true],
	expected [false] but found [true]">
      <![CDATA[java.lang.AssertionError: The following asserts failed:
expected [somesh] but found [ somesh  ],
expected [landge] but found [ landge   ],
expected [9809074374] but found [  9809074374    ],
expected [false] but found [true],
expected [false] but found [true],
expected [false] but found [true],
expected [false] but found [true]
at Test_PACK.A_Registration.TC_RF_017_Verify_whether_the_Password_fields_in_the_Register_Account_page_are_following_Password_Complexity_Standards(A_Registration.java:649)
at java.base/java.util.ArrayList.forEach(ArrayList.java:1597)
... Removed 27 stack frames]]>
    </failure>
  </testcase> <!-- TC_RF_017_Verify_whether_the_Password_fields_in_the_Register_Account_page_are_following_Password_Complexity_Standards -->
  <testcase classname="Test_PACK.A_Registration" name="TC_RF_017_Verify_whether_the_Password_fields_in_the_Register_Account_page_are_following_Password_Complexity_Standards" time="1.419">
    <failure type="java.lang.AssertionError" message="The following asserts failed:
	expected [somesh] but found [ somesh  ],
	expected [landge] but found [ landge   ],
	expected [9809074374] but found [  9809074374    ],
	expected [false] but found [true],
	expected [false] but found [true],
	expected [false] but found [true],
	expected [false] but found [true],
	expected [false] but found [true]">
      <![CDATA[java.lang.AssertionError: The following asserts failed:
expected [somesh] but found [ somesh  ],
expected [landge] but found [ landge   ],
expected [9809074374] but found [  9809074374    ],
expected [false] but found [true],
expected [false] but found [true],
expected [false] but found [true],
expected [false] but found [true],
expected [false] but found [true]
at Test_PACK.A_Registration.TC_RF_017_Verify_whether_the_Password_fields_in_the_Register_Account_page_are_following_Password_Complexity_Standards(A_Registration.java:649)
at java.base/java.util.ArrayList.forEach(ArrayList.java:1597)
... Removed 27 stack frames]]>
    </failure>
  </testcase> <!-- TC_RF_017_Verify_whether_the_Password_fields_in_the_Register_Account_page_are_following_Password_Complexity_Standards -->
  <testcase classname="Test_PACK.A_Registration" name="TC_RF_015_Verify_details_that_are_provided_while_Registering_Account_are_stored_in_Database" time="1.031">
    <failure type="java.lang.AssertionError" message="The following asserts failed:
	expected [somesh] but found [ somesh  ],
	expected [landge] but found [ landge   ],
	expected [9809074374] but found [  9809074374    ],
	expected [false] but found [true],
	expected [false] but found [true],
	expected [false] but found [true],
	expected [false] but found [true],
	expected [false] but found [true],
	expected [Somesh] but found [null],
	expected [Landge] but found [null],
	expected [SunFeb02141524IST2025@gmail.com] but found [null],
	expected [1] but found [0]">
      <![CDATA[java.lang.AssertionError: The following asserts failed:
expected [somesh] but found [ somesh  ],
expected [landge] but found [ landge   ],
expected [9809074374] but found [  9809074374    ],
expected [false] but found [true],
expected [false] but found [true],
expected [false] but found [true],
expected [false] but found [true],
expected [false] but found [true],
expected [Somesh] but found [null],
expected [Landge] but found [null],
expected [SunFeb02141524IST2025@gmail.com] but found [null],
expected [1] but found [0]
at Test_PACK.A_Registration.TC_RF_015_Verify_details_that_are_provided_while_Registering_Account_are_stored_in_Database(A_Registration.java:587)
at java.base/java.util.ArrayList.forEach(ArrayList.java:1597)
... Removed 27 stack frames]]>
    </failure>
  </testcase> <!-- TC_RF_015_Verify_details_that_are_provided_while_Registering_Account_are_stored_in_Database -->
  <testcase classname="Test_PACK.A_Registration" name="TC_RF_024_Verify_Registring_Account_by_filling_Password_field_and_not_filling_Password_Confirm_field" time="0.996">
    <failure type="java.lang.AssertionError" message="The following asserts failed:
	expected [somesh] but found [ somesh  ],
	expected [landge] but found [ landge   ],
	expected [9809074374] but found [  9809074374    ],
	expected [false] but found [true],
	expected [false] but found [true],
	expected [false] but found [true],
	expected [false] but found [true],
	expected [false] but found [true],
	expected [Somesh] but found [null],
	expected [Landge] but found [null],
	expected [SunFeb02141524IST2025@gmail.com] but found [null],
	expected [1] but found [0]">
      <![CDATA[java.lang.AssertionError: The following asserts failed:
expected [somesh] but found [ somesh  ],
expected [landge] but found [ landge   ],
expected [9809074374] but found [  9809074374    ],
expected [false] but found [true],
expected [false] but found [true],
expected [false] but found [true],
expected [false] but found [true],
expected [false] but found [true],
expected [Somesh] but found [null],
expected [Landge] but found [null],
expected [SunFeb02141524IST2025@gmail.com] but found [null],
expected [1] but found [0]
at Test_PACK.A_Registration.TC_RF_024_Verify_Registring_Account_by_filling_Password_field_and_not_filling_Password_Confirm_field(A_Registration.java:880)
at java.base/java.util.ArrayList.forEach(ArrayList.java:1597)
... Removed 27 stack frames]]>
    </failure>
  </testcase> <!-- TC_RF_024_Verify_Registring_Account_by_filling_Password_field_and_not_filling_Password_Confirm_field -->
  <testcase classname="Test_PACK.A_Registration" name="TC_RF_025_Verify_Breadcrumb_PageHeading_PageURL_PageTitle_of_Register_AccountPage" time="0.063">
    <failure type="java.lang.AssertionError" message="The following asserts failed:
	expected [somesh] but found [ somesh  ],
	expected [landge] but found [ landge   ],
	expected [9809074374] but found [  9809074374    ],
	expected [false] but found [true],
	expected [false] but found [true],
	expected [false] but found [true],
	expected [false] but found [true],
	expected [false] but found [true],
	expected [Somesh] but found [null],
	expected [Landge] but found [null],
	expected [SunFeb02141524IST2025@gmail.com] but found [null],
	expected [1] but found [0]">
      <![CDATA[java.lang.AssertionError: The following asserts failed:
expected [somesh] but found [ somesh  ],
expected [landge] but found [ landge   ],
expected [9809074374] but found [  9809074374    ],
expected [false] but found [true],
expected [false] but found [true],
expected [false] but found [true],
expected [false] but found [true],
expected [false] but found [true],
expected [Somesh] but found [null],
expected [Landge] but found [null],
expected [SunFeb02141524IST2025@gmail.com] but found [null],
expected [1] but found [0]
at Test_PACK.A_Registration.TC_RF_025_Verify_Breadcrumb_PageHeading_PageURL_PageTitle_of_Register_AccountPage(A_Registration.java:895)
at java.base/java.util.ArrayList.forEach(ArrayList.java:1597)
... Removed 27 stack frames]]>
    </failure>
  </testcase> <!-- TC_RF_025_Verify_Breadcrumb_PageHeading_PageURL_PageTitle_of_Register_AccountPage -->
  <testcase classname="Test_PACK.A_Registration" name="TC_RF_022_Verify_the_Password_text_entered_into_the_Password_and_Password_Confirm_field_of_Register_Account_functionality_is_toggled_to_hide_its_visibility" time="0.031">
    <failure type="java.lang.AssertionError" message="The following asserts failed:
	expected [somesh] but found [ somesh  ],
	expected [landge] but found [ landge   ],
	expected [9809074374] but found [  9809074374    ],
	expected [false] but found [true],
	expected [false] but found [true],
	expected [false] but found [true],
	expected [false] but found [true],
	expected [false] but found [true],
	expected [Somesh] but found [null],
	expected [Landge] but found [null],
	expected [SunFeb02141524IST2025@gmail.com] but found [null],
	expected [1] but found [0]">
      <![CDATA[java.lang.AssertionError: The following asserts failed:
expected [somesh] but found [ somesh  ],
expected [landge] but found [ landge   ],
expected [9809074374] but found [  9809074374    ],
expected [false] but found [true],
expected [false] but found [true],
expected [false] but found [true],
expected [false] but found [true],
expected [false] but found [true],
expected [Somesh] but found [null],
expected [Landge] but found [null],
expected [SunFeb02141524IST2025@gmail.com] but found [null],
expected [1] but found [0]
at Test_PACK.A_Registration.TC_RF_022_Verify_the_Password_text_entered_into_the_Password_and_Password_Confirm_field_of_Register_Account_functionality_is_toggled_to_hide_its_visibility(A_Registration.java:753)
at java.base/java.util.ArrayList.forEach(ArrayList.java:1597)
... Removed 27 stack frames]]>
    </failure>
  </testcase> <!-- TC_RF_022_Verify_the_Password_text_entered_into_the_Password_and_Password_Confirm_field_of_Register_Account_functionality_is_toggled_to_hide_its_visibility -->
  <testcase classname="Test_PACK.A_Registration" name="TC_RF_027_Verify_Register_Account_functionality_in_all_the_supported_environments" time="1.059">
    <failure type="java.lang.AssertionError" message="The following asserts failed:
	expected [somesh] but found [ somesh  ],
	expected [landge] but found [ landge   ],
	expected [9809074374] but found [  9809074374    ],
	expected [false] but found [true],
	expected [false] but found [true],
	expected [false] but found [true],
	expected [false] but found [true],
	expected [false] but found [true],
	expected [Somesh] but found [null],
	expected [Landge] but found [null],
	expected [SunFeb02141524IST2025@gmail.com] but found [null],
	expected [1] but found [0]">
      <![CDATA[java.lang.AssertionError: The following asserts failed:
expected [somesh] but found [ somesh  ],
expected [landge] but found [ landge   ],
expected [9809074374] but found [  9809074374    ],
expected [false] but found [true],
expected [false] but found [true],
expected [false] but found [true],
expected [false] but found [true],
expected [false] but found [true],
expected [Somesh] but found [null],
expected [Landge] but found [null],
expected [SunFeb02141524IST2025@gmail.com] but found [null],
expected [1] but found [0]
at Test_PACK.A_Registration.TC_RF_027_Verify_Register_Account_functionality_in_all_the_supported_environments(A_Registration.java:924)
at java.base/java.util.ArrayList.forEach(ArrayList.java:1597)
... Removed 27 stack frames]]>
    </failure>
  </testcase> <!-- TC_RF_027_Verify_Register_Account_functionality_in_all_the_supported_environments -->
  <testcase classname="Test_PACK.A_Registration" name="TC_RF_023_Verify_navigating_to_other_pages_using_options_or_links_provided_on_the_Register_Account_page" time="11.802">
    <failure type="java.lang.AssertionError" message="The following asserts failed:
	expected [somesh] but found [ somesh  ],
	expected [landge] but found [ landge   ],
	expected [9809074374] but found [  9809074374    ],
	expected [false] but found [true],
	expected [false] but found [true],
	expected [false] but found [true],
	expected [false] but found [true],
	expected [false] but found [true],
	expected [Somesh] but found [null],
	expected [Landge] but found [null],
	expected [SunFeb02141524IST2025@gmail.com] but found [null],
	expected [1] but found [0],
	expected [Register Account] but found [Account Login]">
      <![CDATA[java.lang.AssertionError: The following asserts failed:
expected [somesh] but found [ somesh  ],
expected [landge] but found [ landge   ],
expected [9809074374] but found [  9809074374    ],
expected [false] but found [true],
expected [false] but found [true],
expected [false] but found [true],
expected [false] but found [true],
expected [false] but found [true],
expected [Somesh] but found [null],
expected [Landge] but found [null],
expected [SunFeb02141524IST2025@gmail.com] but found [null],
expected [1] but found [0],
expected [Register Account] but found [Account Login]
at Test_PACK.A_Registration.TC_RF_023_Verify_navigating_to_other_pages_using_options_or_links_provided_on_the_Register_Account_page(A_Registration.java:860)
at java.base/java.util.ArrayList.forEach(ArrayList.java:1597)
... Removed 27 stack frames]]>
    </failure>
  </testcase> <!-- TC_RF_023_Verify_navigating_to_other_pages_using_options_or_links_provided_on_the_Register_Account_page -->
  <testcase classname="Test_PACK.A_Registration" name="TC_RF_007_Verify__diff_ways_to_navigating_to_Register_page" time="0.0">
    <ignored/>
  </testcase> <!-- TC_RF_007_Verify__diff_ways_to_navigating_to_Register_page -->
  <testcase classname="Test_PACK.A_Registration" name="TC_RF_005_Verify_Registering_an_Accountwith_Newsletter_field_As_YES" time="0.0">
    <ignored/>
  </testcase> <!-- TC_RF_005_Verify_Registering_an_Accountwith_Newsletter_field_As_YES -->
  <testcase classname="Test_PACK.A_Registration" name="TC_RF_014_Verify_all_mandatory_fields_in_Register_Account" time="0.0">
    <ignored/>
  </testcase> <!-- TC_RF_014_Verify_all_mandatory_fields_in_Register_Account -->
  <testcase classname="Test_PACK.A_Registration" name="TC_RF_008_Verify_Registering_Account_by_entering_different_passwords_into_Password_and_Password_Confirm_fields" time="0.0">
    <ignored/>
  </testcase> <!-- TC_RF_008_Verify_Registering_Account_by_entering_different_passwords_into_Password_and_Password_Confirm_fields -->
  <testcase classname="Test_PACK.A_Registration" name="TC_RF_012Verify_Registering_Account_by_using_Keyboard_keys" time="0.0">
    <ignored/>
  </testcase> <!-- TC_RF_012Verify_Registering_Account_by_using_Keyboard_keys -->
  <testcase classname="Test_PACK.A_Registration" name="TC_RF_020_Verify_whether_the_Privacy_Policy_checkbox_option_is_not_selected_by_default" time="0.0">
    <ignored/>
  </testcase> <!-- TC_RF_020_Verify_whether_the_Privacy_Policy_checkbox_option_is_not_selected_by_default -->
  <testcase classname="Test_PACK.A_Registration" name="TC_RF_016_verify_Registering_Account_By_Entering_Only_Spaces" time="0.0">
    <ignored/>
  </testcase> <!-- TC_RF_016_verify_Registering_Account_By_Entering_Only_Spaces -->
  <testcase classname="Test_PACK.A_Registration" name="TC_RF_004_Verify_proper_notification_messages_with_no_data_in_the_madetory_field" time="0.0">
    <ignored/>
  </testcase> <!-- TC_RF_004_Verify_proper_notification_messages_with_no_data_in_the_madetory_field -->
  <testcase classname="Test_PACK.A_Registration" name="TC_RF_009_Verify_Registering_Account_by_providing_the_existing_account_details" time="0.0">
    <ignored/>
  </testcase> <!-- TC_RF_009_Verify_Registering_Account_by_providing_the_existing_account_details -->
  <testcase classname="Test_PACK.A_Registration" name="TC_RF_026_Verify_the_UI_of_Register_Account_page" time="0.0">
    <ignored/>
  </testcase> <!-- TC_RF_026_Verify_the_UI_of_Register_Account_page -->
  <testcase classname="Test_PACK.A_Registration" name="TC_RF_001_verify_Registering_Account_Using_MandatoryFields" time="0.0">
    <ignored/>
  </testcase> <!-- TC_RF_001_verify_Registering_Account_Using_MandatoryFields -->
  <testcase classname="Test_PACK.A_Registration" name="TC_RF_002_verifyThankYourConfirmationEmailOnSuccessfulRegistration" time="0.0">
    <ignored/>
  </testcase> <!-- TC_RF_002_verifyThankYourConfirmationEmailOnSuccessfulRegistration -->
  <testcase classname="Test_PACK.A_Registration" name="TC_RF_013Verify_all_fields_in_the_Register_Account_page_have_proper_placeholders" time="0.0">
    <ignored/>
  </testcase> <!-- TC_RF_013Verify_all_fields_in_the_Register_Account_page_have_proper_placeholders -->
  <testcase classname="Test_PACK.A_Registration" name="TC_RF_003_verifyRegisteringAnAccountproviding_all_fields" time="0.0">
    <ignored/>
  </testcase> <!-- TC_RF_003_verifyRegisteringAnAccountproviding_all_fields -->
  <testcase classname="Test_PACK.A_Registration" name="TC_RF_010_Verify_registraton_With_invalidEmail" time="0.0">
    <ignored/>
  </testcase> <!-- TC_RF_010_Verify_registraton_With_invalidEmail -->
  <testcase classname="Test_PACK.A_Registration" name="TC_RF_006_Verify_Registering_an_Accountwith_Newsletter_field_As_NO" time="0.0">
    <ignored/>
  </testcase> <!-- TC_RF_006_Verify_Registering_an_Accountwith_Newsletter_field_As_NO -->
</testsuite> <!-- Default test(failed) -->
