<?xml version="1.0" encoding="UTF-8"?>
<!-- Generated by org.testng.reporters.JUnitXMLReporter -->
<testsuite ignored="13" hostname="SomeshPC" failures="19" tests="19" name="Default test(failed)" time="316.445" errors="0" timestamp="2025-01-05T12:34:47 IST">
  <testcase classname="Test_PACK.Registration" name="TC_RF_011Verify_Registering_Account_by_providing_invalid_phone_number" time="3.196">
    <failure type="java.lang.AssertionError" message="expected [https://tutorialsninja.com/demo/index.php?route=account/register] but found [https://tutorialsninja.com/demo/index.php?route=account/success]">
      <![CDATA[java.lang.AssertionError: expected [https://tutorialsninja.com/demo/index.php?route=account/register] but found [https://tutorialsninja.com/demo/index.php?route=account/success]
at Test_PACK.Registration.TC_RF_011Verify_Registering_Account_by_providing_invalid_phone_number(Registration.java:457)
at java.base/java.util.ArrayList.forEach(ArrayList.java:1597)
... Removed 31 stack frames]]>
    </failure>
  </testcase> <!-- TC_RF_011Verify_Registering_Account_by_providing_invalid_phone_number -->
  <testcase classname="Test_PACK.Registration" name="TC_RF_011Verify_Registering_Account_by_providing_invalid_phone_number" time="2.275">
    <failure type="java.lang.AssertionError" message="expected [https://tutorialsninja.com/demo/index.php?route=account/register] but found [https://tutorialsninja.com/demo/index.php?route=account/success]">
      <![CDATA[java.lang.AssertionError: expected [https://tutorialsninja.com/demo/index.php?route=account/register] but found [https://tutorialsninja.com/demo/index.php?route=account/success]
at Test_PACK.Registration.TC_RF_011Verify_Registering_Account_by_providing_invalid_phone_number(Registration.java:457)
at java.base/java.util.ArrayList.forEach(ArrayList.java:1597)
... Removed 31 stack frames]]>
    </failure>
  </testcase> <!-- TC_RF_011Verify_Registering_Account_by_providing_invalid_phone_number -->
  <testcase classname="Test_PACK.Registration" name="TC_RF_015_Verify_details_that_are_provided_while_Registering_Account_are_stored_in_Database" time="1.86">
    <failure type="java.lang.AssertionError" message="The following asserts failed:
	expected [Somesh] but found [null],
	expected [Landge] but found [null],
	expected [SunJan05123015IST2025@gmail.com] but found [null],
	expected [1] but found [0]">
      <![CDATA[java.lang.AssertionError: The following asserts failed:
expected [Somesh] but found [null],
expected [Landge] but found [null],
expected [SunJan05123015IST2025@gmail.com] but found [null],
expected [1] but found [0]
at Test_PACK.Registration.TC_RF_015_Verify_details_that_are_provided_while_Registering_Account_are_stored_in_Database(Registration.java:619)
at java.base/java.util.ArrayList.forEach(ArrayList.java:1597)
... Removed 27 stack frames]]>
    </failure>
  </testcase> <!-- TC_RF_015_Verify_details_that_are_provided_while_Registering_Account_are_stored_in_Database -->
  <testcase classname="Test_PACK.Registration" name="TC_RF_016_verify_Registering_Account_By_Entering_Only_Spaces" time="2.002">
    <failure type="java.lang.AssertionError" message="The following asserts failed:
	expected [Somesh] but found [null],
	expected [Landge] but found [null],
	expected [SunJan05123015IST2025@gmail.com] but found [null],
	expected [1] but found [0],
	expected [Please enter an email address.] but found []">
      <![CDATA[java.lang.AssertionError: The following asserts failed:
expected [Somesh] but found [null],
expected [Landge] but found [null],
expected [SunJan05123015IST2025@gmail.com] but found [null],
expected [1] but found [0],
expected [Please enter an email address.] but found []
at Test_PACK.Registration.TC_RF_016_verify_Registering_Account_By_Entering_Only_Spaces(Registration.java:648)
at java.base/java.util.ArrayList.forEach(ArrayList.java:1597)
... Removed 27 stack frames]]>
    </failure>
  </testcase> <!-- TC_RF_016_verify_Registering_Account_By_Entering_Only_Spaces -->
  <testcase classname="Test_PACK.Registration" name="TC_RF_017_Verify_whether_the_Password_fields_in_the_Register_Account_page_are_following_Password_Complexity_Standards" time="2.157">
    <failure type="java.lang.AssertionError" message="The following asserts failed:
	expected [Somesh] but found [null],
	expected [Landge] but found [null],
	expected [SunJan05123015IST2025@gmail.com] but found [null],
	expected [1] but found [0],
	expected [Please enter an email address.] but found []">
      <![CDATA[java.lang.AssertionError: The following asserts failed:
expected [Somesh] but found [null],
expected [Landge] but found [null],
expected [SunJan05123015IST2025@gmail.com] but found [null],
expected [1] but found [0],
expected [Please enter an email address.] but found []
at Test_PACK.Registration.TC_RF_017_Verify_whether_the_Password_fields_in_the_Register_Account_page_are_following_Password_Complexity_Standards(Registration.java:672)
at java.base/java.util.ArrayList.forEach(ArrayList.java:1597)
... Removed 27 stack frames]]>
    </failure>
  </testcase> <!-- TC_RF_017_Verify_whether_the_Password_fields_in_the_Register_Account_page_are_following_Password_Complexity_Standards -->
  <testcase classname="Test_PACK.Registration" name="TC_RF_017_Verify_whether_the_Password_fields_in_the_Register_Account_page_are_following_Password_Complexity_Standards" time="12.288">
    <failure type="org.openqa.selenium.NoSuchElementException" message="no such element: Unable to locate element: {&amp;quot;method&amp;quot;:&amp;quot;xpath&amp;quot;,&amp;quot;selector&amp;quot;:&amp;quot;//div[contains(text(),&amp;apos;Password must be between 4 and 20 characters!&amp;apos;)]&amp;quot;}
  (Session info: MicrosoftEdge=131.0.2903.112)
For documentation on this error, please visit: https://www.selenium.dev/documentation/webdriver/troubleshooting/errors#no-such-element-exception
Build info: version: &amp;apos;4.25.0&amp;apos;, revision: &amp;apos;8a8aea2337&amp;apos;
System info: os.name: &amp;apos;Windows 11&amp;apos;, os.arch: &amp;apos;amd64&amp;apos;, os.version: &amp;apos;10.0&amp;apos;, java.version: &amp;apos;23&amp;apos;
Driver info: org.openqa.selenium.edge.EdgeDriver
Command: [993d49441dee18b6e9ad43ef9e3dfdcd, findElement {using=xpath, value=//div[contains(text(),&amp;apos;Password must be between 4 and 20 characters!&amp;apos;)]}]
Capabilities {acceptInsecureCerts: false, browserName: MicrosoftEdge, browserVersion: 131.0.2903.112, fedcm:accounts: true, ms:edgeOptions: {debuggerAddress: localhost:51244}, msedge: {msedgedriverVersion: 131.0.2903.112 (16ab910a6e7..., userDataDir: C:\Users\somes\AppData\Loca...}, networkConnectionEnabled: false, pageLoadStrategy: normal, platformName: windows, proxy: Proxy(), se:cdp: ws://localhost:51244/devtoo..., se:cdpVersion: 131.0.2903.112, setWindowRect: true, strictFileInteractability: false, timeouts: {implicit: 0, pageLoad: 300000, script: 30000}, unhandledPromptBehavior: dismiss and notify, webauthn:extension:credBlob: true, webauthn:extension:largeBlob: true, webauthn:extension:minPinLength: true, webauthn:extension:prf: true, webauthn:virtualAuthenticators: true}
Session ID: 993d49441dee18b6e9ad43ef9e3dfdcd">
      <![CDATA[org.openqa.selenium.NoSuchElementException: no such element: Unable to locate element: {"method":"xpath","selector":"//div[contains(text(),'Password must be between 4 and 20 characters!')]"}
  (Session info: MicrosoftEdge=131.0.2903.112)
For documentation on this error, please visit: https://www.selenium.dev/documentation/webdriver/troubleshooting/errors#no-such-element-exception
Build info: version: '4.25.0', revision: '8a8aea2337'
System info: os.name: 'Windows 11', os.arch: 'amd64', os.version: '10.0', java.version: '23'
Driver info: org.openqa.selenium.edge.EdgeDriver
Command: [993d49441dee18b6e9ad43ef9e3dfdcd, findElement {using=xpath, value=//div[contains(text(),'Password must be between 4 and 20 characters!')]}]
Capabilities {acceptInsecureCerts: false, browserName: MicrosoftEdge, browserVersion: 131.0.2903.112, fedcm:accounts: true, ms:edgeOptions: {debuggerAddress: localhost:51244}, msedge: {msedgedriverVersion: 131.0.2903.112 (16ab910a6e7..., userDataDir: C:\Users\somes\AppData\Loca...}, networkConnectionEnabled: false, pageLoadStrategy: normal, platformName: windows, proxy: Proxy(), se:cdp: ws://localhost:51244/devtoo..., se:cdpVersion: 131.0.2903.112, setWindowRect: true, strictFileInteractability: false, timeouts: {implicit: 0, pageLoad: 300000, script: 30000}, unhandledPromptBehavior: dismiss and notify, webauthn:extension:credBlob: true, webauthn:extension:largeBlob: true, webauthn:extension:minPinLength: true, webauthn:extension:prf: true, webauthn:virtualAuthenticators: true}
Session ID: 993d49441dee18b6e9ad43ef9e3dfdcd
at org.openqa.selenium.remote.ErrorCodec.decode(ErrorCodec.java:167)
at org.openqa.selenium.remote.codec.w3c.W3CHttpResponseCodec.decode(W3CHttpResponseCodec.java:138)
at org.openqa.selenium.remote.codec.w3c.W3CHttpResponseCodec.decode(W3CHttpResponseCodec.java:50)
at org.openqa.selenium.remote.HttpCommandExecutor.execute(HttpCommandExecutor.java:190)
at org.openqa.selenium.remote.service.DriverCommandExecutor.invokeExecute(DriverCommandExecutor.java:216)
at org.openqa.selenium.remote.service.DriverCommandExecutor.execute(DriverCommandExecutor.java:174)
at org.openqa.selenium.remote.RemoteWebDriver.execute(RemoteWebDriver.java:545)
at org.openqa.selenium.remote.ElementLocation$ElementFinder$2.findElement(ElementLocation.java:165)
at org.openqa.selenium.remote.ElementLocation.findElement(ElementLocation.java:59)
at org.openqa.selenium.remote.RemoteWebDriver.findElement(RemoteWebDriver.java:368)
at org.openqa.selenium.remote.RemoteWebDriver.findElement(RemoteWebDriver.java:362)
at org.openqa.selenium.support.pagefactory.DefaultElementLocator.findElement(DefaultElementLocator.java:68)
at org.openqa.selenium.support.pagefactory.internal.LocatingElementHandler.invoke(LocatingElementHandler.java:38)
at jdk.proxy2/jdk.proxy2.$Proxy28.getText(Unknown Source)
at POM_PACK.B_Registration_page.Get_alertmeg_for_Password(B_Registration_page.java:141)
at Test_PACK.Registration.TC_RF_017_Verify_whether_the_Password_fields_in_the_Register_Account_page_are_following_Password_Complexity_Standards(Registration.java:669)
at java.base/java.util.ArrayList.forEach(ArrayList.java:1597)
... Removed 28 stack frames]]>
    </failure>
  </testcase> <!-- TC_RF_017_Verify_whether_the_Password_fields_in_the_Register_Account_page_are_following_Password_Complexity_Standards -->
  <testcase classname="Test_PACK.Registration" name="TC_RF_017_Verify_whether_the_Password_fields_in_the_Register_Account_page_are_following_Password_Complexity_Standards" time="12.345">
    <failure type="org.openqa.selenium.NoSuchElementException" message="no such element: Unable to locate element: {&amp;quot;method&amp;quot;:&amp;quot;xpath&amp;quot;,&amp;quot;selector&amp;quot;:&amp;quot;//div[contains(text(),&amp;apos;Password must be between 4 and 20 characters!&amp;apos;)]&amp;quot;}
  (Session info: MicrosoftEdge=131.0.2903.112)
For documentation on this error, please visit: https://www.selenium.dev/documentation/webdriver/troubleshooting/errors#no-such-element-exception
Build info: version: &amp;apos;4.25.0&amp;apos;, revision: &amp;apos;8a8aea2337&amp;apos;
System info: os.name: &amp;apos;Windows 11&amp;apos;, os.arch: &amp;apos;amd64&amp;apos;, os.version: &amp;apos;10.0&amp;apos;, java.version: &amp;apos;23&amp;apos;
Driver info: org.openqa.selenium.edge.EdgeDriver
Command: [f86f48c47a50d0bea534260c5faf511f, findElement {using=xpath, value=//div[contains(text(),&amp;apos;Password must be between 4 and 20 characters!&amp;apos;)]}]
Capabilities {acceptInsecureCerts: false, browserName: MicrosoftEdge, browserVersion: 131.0.2903.112, fedcm:accounts: true, ms:edgeOptions: {debuggerAddress: localhost:51275}, msedge: {msedgedriverVersion: 131.0.2903.112 (16ab910a6e7..., userDataDir: C:\Users\somes\AppData\Loca...}, networkConnectionEnabled: false, pageLoadStrategy: normal, platformName: windows, proxy: Proxy(), se:cdp: ws://localhost:51275/devtoo..., se:cdpVersion: 131.0.2903.112, setWindowRect: true, strictFileInteractability: false, timeouts: {implicit: 0, pageLoad: 300000, script: 30000}, unhandledPromptBehavior: dismiss and notify, webauthn:extension:credBlob: true, webauthn:extension:largeBlob: true, webauthn:extension:minPinLength: true, webauthn:extension:prf: true, webauthn:virtualAuthenticators: true}
Session ID: f86f48c47a50d0bea534260c5faf511f">
      <![CDATA[org.openqa.selenium.NoSuchElementException: no such element: Unable to locate element: {"method":"xpath","selector":"//div[contains(text(),'Password must be between 4 and 20 characters!')]"}
  (Session info: MicrosoftEdge=131.0.2903.112)
For documentation on this error, please visit: https://www.selenium.dev/documentation/webdriver/troubleshooting/errors#no-such-element-exception
Build info: version: '4.25.0', revision: '8a8aea2337'
System info: os.name: 'Windows 11', os.arch: 'amd64', os.version: '10.0', java.version: '23'
Driver info: org.openqa.selenium.edge.EdgeDriver
Command: [f86f48c47a50d0bea534260c5faf511f, findElement {using=xpath, value=//div[contains(text(),'Password must be between 4 and 20 characters!')]}]
Capabilities {acceptInsecureCerts: false, browserName: MicrosoftEdge, browserVersion: 131.0.2903.112, fedcm:accounts: true, ms:edgeOptions: {debuggerAddress: localhost:51275}, msedge: {msedgedriverVersion: 131.0.2903.112 (16ab910a6e7..., userDataDir: C:\Users\somes\AppData\Loca...}, networkConnectionEnabled: false, pageLoadStrategy: normal, platformName: windows, proxy: Proxy(), se:cdp: ws://localhost:51275/devtoo..., se:cdpVersion: 131.0.2903.112, setWindowRect: true, strictFileInteractability: false, timeouts: {implicit: 0, pageLoad: 300000, script: 30000}, unhandledPromptBehavior: dismiss and notify, webauthn:extension:credBlob: true, webauthn:extension:largeBlob: true, webauthn:extension:minPinLength: true, webauthn:extension:prf: true, webauthn:virtualAuthenticators: true}
Session ID: f86f48c47a50d0bea534260c5faf511f
at org.openqa.selenium.remote.ErrorCodec.decode(ErrorCodec.java:167)
at org.openqa.selenium.remote.codec.w3c.W3CHttpResponseCodec.decode(W3CHttpResponseCodec.java:138)
at org.openqa.selenium.remote.codec.w3c.W3CHttpResponseCodec.decode(W3CHttpResponseCodec.java:50)
at org.openqa.selenium.remote.HttpCommandExecutor.execute(HttpCommandExecutor.java:190)
at org.openqa.selenium.remote.service.DriverCommandExecutor.invokeExecute(DriverCommandExecutor.java:216)
at org.openqa.selenium.remote.service.DriverCommandExecutor.execute(DriverCommandExecutor.java:174)
at org.openqa.selenium.remote.RemoteWebDriver.execute(RemoteWebDriver.java:545)
at org.openqa.selenium.remote.ElementLocation$ElementFinder$2.findElement(ElementLocation.java:165)
at org.openqa.selenium.remote.ElementLocation.findElement(ElementLocation.java:59)
at org.openqa.selenium.remote.RemoteWebDriver.findElement(RemoteWebDriver.java:368)
at org.openqa.selenium.remote.RemoteWebDriver.findElement(RemoteWebDriver.java:362)
at org.openqa.selenium.support.pagefactory.DefaultElementLocator.findElement(DefaultElementLocator.java:68)
at org.openqa.selenium.support.pagefactory.internal.LocatingElementHandler.invoke(LocatingElementHandler.java:38)
at jdk.proxy2/jdk.proxy2.$Proxy28.getText(Unknown Source)
at POM_PACK.B_Registration_page.Get_alertmeg_for_Password(B_Registration_page.java:141)
at Test_PACK.Registration.TC_RF_017_Verify_whether_the_Password_fields_in_the_Register_Account_page_are_following_Password_Complexity_Standards(Registration.java:669)
at java.base/java.util.ArrayList.forEach(ArrayList.java:1597)
... Removed 28 stack frames]]>
    </failure>
  </testcase> <!-- TC_RF_017_Verify_whether_the_Password_fields_in_the_Register_Account_page_are_following_Password_Complexity_Standards -->
  <testcase classname="Test_PACK.Registration" name="TC_RF_017_Verify_whether_the_Password_fields_in_the_Register_Account_page_are_following_Password_Complexity_Standards" time="12.334">
    <failure type="org.openqa.selenium.NoSuchElementException" message="no such element: Unable to locate element: {&amp;quot;method&amp;quot;:&amp;quot;xpath&amp;quot;,&amp;quot;selector&amp;quot;:&amp;quot;//div[contains(text(),&amp;apos;Password must be between 4 and 20 characters!&amp;apos;)]&amp;quot;}
  (Session info: MicrosoftEdge=131.0.2903.112)
For documentation on this error, please visit: https://www.selenium.dev/documentation/webdriver/troubleshooting/errors#no-such-element-exception
Build info: version: &amp;apos;4.25.0&amp;apos;, revision: &amp;apos;8a8aea2337&amp;apos;
System info: os.name: &amp;apos;Windows 11&amp;apos;, os.arch: &amp;apos;amd64&amp;apos;, os.version: &amp;apos;10.0&amp;apos;, java.version: &amp;apos;23&amp;apos;
Driver info: org.openqa.selenium.edge.EdgeDriver
Command: [d8a57a594a60f7f16f7813a41381d5df, findElement {using=xpath, value=//div[contains(text(),&amp;apos;Password must be between 4 and 20 characters!&amp;apos;)]}]
Capabilities {acceptInsecureCerts: false, browserName: MicrosoftEdge, browserVersion: 131.0.2903.112, fedcm:accounts: true, ms:edgeOptions: {debuggerAddress: localhost:51306}, msedge: {msedgedriverVersion: 131.0.2903.112 (16ab910a6e7..., userDataDir: C:\Users\somes\AppData\Loca...}, networkConnectionEnabled: false, pageLoadStrategy: normal, platformName: windows, proxy: Proxy(), se:cdp: ws://localhost:51306/devtoo..., se:cdpVersion: 131.0.2903.112, setWindowRect: true, strictFileInteractability: false, timeouts: {implicit: 0, pageLoad: 300000, script: 30000}, unhandledPromptBehavior: dismiss and notify, webauthn:extension:credBlob: true, webauthn:extension:largeBlob: true, webauthn:extension:minPinLength: true, webauthn:extension:prf: true, webauthn:virtualAuthenticators: true}
Session ID: d8a57a594a60f7f16f7813a41381d5df">
      <![CDATA[org.openqa.selenium.NoSuchElementException: no such element: Unable to locate element: {"method":"xpath","selector":"//div[contains(text(),'Password must be between 4 and 20 characters!')]"}
  (Session info: MicrosoftEdge=131.0.2903.112)
For documentation on this error, please visit: https://www.selenium.dev/documentation/webdriver/troubleshooting/errors#no-such-element-exception
Build info: version: '4.25.0', revision: '8a8aea2337'
System info: os.name: 'Windows 11', os.arch: 'amd64', os.version: '10.0', java.version: '23'
Driver info: org.openqa.selenium.edge.EdgeDriver
Command: [d8a57a594a60f7f16f7813a41381d5df, findElement {using=xpath, value=//div[contains(text(),'Password must be between 4 and 20 characters!')]}]
Capabilities {acceptInsecureCerts: false, browserName: MicrosoftEdge, browserVersion: 131.0.2903.112, fedcm:accounts: true, ms:edgeOptions: {debuggerAddress: localhost:51306}, msedge: {msedgedriverVersion: 131.0.2903.112 (16ab910a6e7..., userDataDir: C:\Users\somes\AppData\Loca...}, networkConnectionEnabled: false, pageLoadStrategy: normal, platformName: windows, proxy: Proxy(), se:cdp: ws://localhost:51306/devtoo..., se:cdpVersion: 131.0.2903.112, setWindowRect: true, strictFileInteractability: false, timeouts: {implicit: 0, pageLoad: 300000, script: 30000}, unhandledPromptBehavior: dismiss and notify, webauthn:extension:credBlob: true, webauthn:extension:largeBlob: true, webauthn:extension:minPinLength: true, webauthn:extension:prf: true, webauthn:virtualAuthenticators: true}
Session ID: d8a57a594a60f7f16f7813a41381d5df
at org.openqa.selenium.remote.ErrorCodec.decode(ErrorCodec.java:167)
at org.openqa.selenium.remote.codec.w3c.W3CHttpResponseCodec.decode(W3CHttpResponseCodec.java:138)
at org.openqa.selenium.remote.codec.w3c.W3CHttpResponseCodec.decode(W3CHttpResponseCodec.java:50)
at org.openqa.selenium.remote.HttpCommandExecutor.execute(HttpCommandExecutor.java:190)
at org.openqa.selenium.remote.service.DriverCommandExecutor.invokeExecute(DriverCommandExecutor.java:216)
at org.openqa.selenium.remote.service.DriverCommandExecutor.execute(DriverCommandExecutor.java:174)
at org.openqa.selenium.remote.RemoteWebDriver.execute(RemoteWebDriver.java:545)
at org.openqa.selenium.remote.ElementLocation$ElementFinder$2.findElement(ElementLocation.java:165)
at org.openqa.selenium.remote.ElementLocation.findElement(ElementLocation.java:59)
at org.openqa.selenium.remote.RemoteWebDriver.findElement(RemoteWebDriver.java:368)
at org.openqa.selenium.remote.RemoteWebDriver.findElement(RemoteWebDriver.java:362)
at org.openqa.selenium.support.pagefactory.DefaultElementLocator.findElement(DefaultElementLocator.java:68)
at org.openqa.selenium.support.pagefactory.internal.LocatingElementHandler.invoke(LocatingElementHandler.java:38)
at jdk.proxy2/jdk.proxy2.$Proxy28.getText(Unknown Source)
at POM_PACK.B_Registration_page.Get_alertmeg_for_Password(B_Registration_page.java:141)
at Test_PACK.Registration.TC_RF_017_Verify_whether_the_Password_fields_in_the_Register_Account_page_are_following_Password_Complexity_Standards(Registration.java:669)
at java.base/java.util.ArrayList.forEach(ArrayList.java:1597)
... Removed 28 stack frames]]>
    </failure>
  </testcase> <!-- TC_RF_017_Verify_whether_the_Password_fields_in_the_Register_Account_page_are_following_Password_Complexity_Standards -->
  <testcase classname="Test_PACK.Registration" name="TC_RF_017_Verify_whether_the_Password_fields_in_the_Register_Account_page_are_following_Password_Complexity_Standards" time="12.19">
    <failure type="org.openqa.selenium.NoSuchElementException" message="no such element: Unable to locate element: {&amp;quot;method&amp;quot;:&amp;quot;xpath&amp;quot;,&amp;quot;selector&amp;quot;:&amp;quot;//div[contains(text(),&amp;apos;Password must be between 4 and 20 characters!&amp;apos;)]&amp;quot;}
  (Session info: MicrosoftEdge=131.0.2903.112)
For documentation on this error, please visit: https://www.selenium.dev/documentation/webdriver/troubleshooting/errors#no-such-element-exception
Build info: version: &amp;apos;4.25.0&amp;apos;, revision: &amp;apos;8a8aea2337&amp;apos;
System info: os.name: &amp;apos;Windows 11&amp;apos;, os.arch: &amp;apos;amd64&amp;apos;, os.version: &amp;apos;10.0&amp;apos;, java.version: &amp;apos;23&amp;apos;
Driver info: org.openqa.selenium.edge.EdgeDriver
Command: [d2aa390755e6a6dfa73f2bfb4edf6e38, findElement {using=xpath, value=//div[contains(text(),&amp;apos;Password must be between 4 and 20 characters!&amp;apos;)]}]
Capabilities {acceptInsecureCerts: false, browserName: MicrosoftEdge, browserVersion: 131.0.2903.112, fedcm:accounts: true, ms:edgeOptions: {debuggerAddress: localhost:51343}, msedge: {msedgedriverVersion: 131.0.2903.112 (16ab910a6e7..., userDataDir: C:\Users\somes\AppData\Loca...}, networkConnectionEnabled: false, pageLoadStrategy: normal, platformName: windows, proxy: Proxy(), se:cdp: ws://localhost:51343/devtoo..., se:cdpVersion: 131.0.2903.112, setWindowRect: true, strictFileInteractability: false, timeouts: {implicit: 0, pageLoad: 300000, script: 30000}, unhandledPromptBehavior: dismiss and notify, webauthn:extension:credBlob: true, webauthn:extension:largeBlob: true, webauthn:extension:minPinLength: true, webauthn:extension:prf: true, webauthn:virtualAuthenticators: true}
Session ID: d2aa390755e6a6dfa73f2bfb4edf6e38">
      <![CDATA[org.openqa.selenium.NoSuchElementException: no such element: Unable to locate element: {"method":"xpath","selector":"//div[contains(text(),'Password must be between 4 and 20 characters!')]"}
  (Session info: MicrosoftEdge=131.0.2903.112)
For documentation on this error, please visit: https://www.selenium.dev/documentation/webdriver/troubleshooting/errors#no-such-element-exception
Build info: version: '4.25.0', revision: '8a8aea2337'
System info: os.name: 'Windows 11', os.arch: 'amd64', os.version: '10.0', java.version: '23'
Driver info: org.openqa.selenium.edge.EdgeDriver
Command: [d2aa390755e6a6dfa73f2bfb4edf6e38, findElement {using=xpath, value=//div[contains(text(),'Password must be between 4 and 20 characters!')]}]
Capabilities {acceptInsecureCerts: false, browserName: MicrosoftEdge, browserVersion: 131.0.2903.112, fedcm:accounts: true, ms:edgeOptions: {debuggerAddress: localhost:51343}, msedge: {msedgedriverVersion: 131.0.2903.112 (16ab910a6e7..., userDataDir: C:\Users\somes\AppData\Loca...}, networkConnectionEnabled: false, pageLoadStrategy: normal, platformName: windows, proxy: Proxy(), se:cdp: ws://localhost:51343/devtoo..., se:cdpVersion: 131.0.2903.112, setWindowRect: true, strictFileInteractability: false, timeouts: {implicit: 0, pageLoad: 300000, script: 30000}, unhandledPromptBehavior: dismiss and notify, webauthn:extension:credBlob: true, webauthn:extension:largeBlob: true, webauthn:extension:minPinLength: true, webauthn:extension:prf: true, webauthn:virtualAuthenticators: true}
Session ID: d2aa390755e6a6dfa73f2bfb4edf6e38
at org.openqa.selenium.remote.ErrorCodec.decode(ErrorCodec.java:167)
at org.openqa.selenium.remote.codec.w3c.W3CHttpResponseCodec.decode(W3CHttpResponseCodec.java:138)
at org.openqa.selenium.remote.codec.w3c.W3CHttpResponseCodec.decode(W3CHttpResponseCodec.java:50)
at org.openqa.selenium.remote.HttpCommandExecutor.execute(HttpCommandExecutor.java:190)
at org.openqa.selenium.remote.service.DriverCommandExecutor.invokeExecute(DriverCommandExecutor.java:216)
at org.openqa.selenium.remote.service.DriverCommandExecutor.execute(DriverCommandExecutor.java:174)
at org.openqa.selenium.remote.RemoteWebDriver.execute(RemoteWebDriver.java:545)
at org.openqa.selenium.remote.ElementLocation$ElementFinder$2.findElement(ElementLocation.java:165)
at org.openqa.selenium.remote.ElementLocation.findElement(ElementLocation.java:59)
at org.openqa.selenium.remote.RemoteWebDriver.findElement(RemoteWebDriver.java:368)
at org.openqa.selenium.remote.RemoteWebDriver.findElement(RemoteWebDriver.java:362)
at org.openqa.selenium.support.pagefactory.DefaultElementLocator.findElement(DefaultElementLocator.java:68)
at org.openqa.selenium.support.pagefactory.internal.LocatingElementHandler.invoke(LocatingElementHandler.java:38)
at jdk.proxy2/jdk.proxy2.$Proxy28.getText(Unknown Source)
at POM_PACK.B_Registration_page.Get_alertmeg_for_Password(B_Registration_page.java:141)
at Test_PACK.Registration.TC_RF_017_Verify_whether_the_Password_fields_in_the_Register_Account_page_are_following_Password_Complexity_Standards(Registration.java:669)
at java.base/java.util.ArrayList.forEach(ArrayList.java:1597)
... Removed 28 stack frames]]>
    </failure>
  </testcase> <!-- TC_RF_017_Verify_whether_the_Password_fields_in_the_Register_Account_page_are_following_Password_Complexity_Standards -->
  <testcase classname="Test_PACK.Registration" name="TC_RF_017_Verify_whether_the_Password_fields_in_the_Register_Account_page_are_following_Password_Complexity_Standards" time="12.457">
    <failure type="org.openqa.selenium.NoSuchElementException" message="no such element: Unable to locate element: {&amp;quot;method&amp;quot;:&amp;quot;xpath&amp;quot;,&amp;quot;selector&amp;quot;:&amp;quot;//div[contains(text(),&amp;apos;Password must be between 4 and 20 characters!&amp;apos;)]&amp;quot;}
  (Session info: MicrosoftEdge=131.0.2903.112)
For documentation on this error, please visit: https://www.selenium.dev/documentation/webdriver/troubleshooting/errors#no-such-element-exception
Build info: version: &amp;apos;4.25.0&amp;apos;, revision: &amp;apos;8a8aea2337&amp;apos;
System info: os.name: &amp;apos;Windows 11&amp;apos;, os.arch: &amp;apos;amd64&amp;apos;, os.version: &amp;apos;10.0&amp;apos;, java.version: &amp;apos;23&amp;apos;
Driver info: org.openqa.selenium.edge.EdgeDriver
Command: [00afd740f60b525ad36b4099d6c71d08, findElement {using=xpath, value=//div[contains(text(),&amp;apos;Password must be between 4 and 20 characters!&amp;apos;)]}]
Capabilities {acceptInsecureCerts: false, browserName: MicrosoftEdge, browserVersion: 131.0.2903.112, fedcm:accounts: true, ms:edgeOptions: {debuggerAddress: localhost:51375}, msedge: {msedgedriverVersion: 131.0.2903.112 (16ab910a6e7..., userDataDir: C:\Users\somes\AppData\Loca...}, networkConnectionEnabled: false, pageLoadStrategy: normal, platformName: windows, proxy: Proxy(), se:cdp: ws://localhost:51375/devtoo..., se:cdpVersion: 131.0.2903.112, setWindowRect: true, strictFileInteractability: false, timeouts: {implicit: 0, pageLoad: 300000, script: 30000}, unhandledPromptBehavior: dismiss and notify, webauthn:extension:credBlob: true, webauthn:extension:largeBlob: true, webauthn:extension:minPinLength: true, webauthn:extension:prf: true, webauthn:virtualAuthenticators: true}
Session ID: 00afd740f60b525ad36b4099d6c71d08">
      <![CDATA[org.openqa.selenium.NoSuchElementException: no such element: Unable to locate element: {"method":"xpath","selector":"//div[contains(text(),'Password must be between 4 and 20 characters!')]"}
  (Session info: MicrosoftEdge=131.0.2903.112)
For documentation on this error, please visit: https://www.selenium.dev/documentation/webdriver/troubleshooting/errors#no-such-element-exception
Build info: version: '4.25.0', revision: '8a8aea2337'
System info: os.name: 'Windows 11', os.arch: 'amd64', os.version: '10.0', java.version: '23'
Driver info: org.openqa.selenium.edge.EdgeDriver
Command: [00afd740f60b525ad36b4099d6c71d08, findElement {using=xpath, value=//div[contains(text(),'Password must be between 4 and 20 characters!')]}]
Capabilities {acceptInsecureCerts: false, browserName: MicrosoftEdge, browserVersion: 131.0.2903.112, fedcm:accounts: true, ms:edgeOptions: {debuggerAddress: localhost:51375}, msedge: {msedgedriverVersion: 131.0.2903.112 (16ab910a6e7..., userDataDir: C:\Users\somes\AppData\Loca...}, networkConnectionEnabled: false, pageLoadStrategy: normal, platformName: windows, proxy: Proxy(), se:cdp: ws://localhost:51375/devtoo..., se:cdpVersion: 131.0.2903.112, setWindowRect: true, strictFileInteractability: false, timeouts: {implicit: 0, pageLoad: 300000, script: 30000}, unhandledPromptBehavior: dismiss and notify, webauthn:extension:credBlob: true, webauthn:extension:largeBlob: true, webauthn:extension:minPinLength: true, webauthn:extension:prf: true, webauthn:virtualAuthenticators: true}
Session ID: 00afd740f60b525ad36b4099d6c71d08
at org.openqa.selenium.remote.ErrorCodec.decode(ErrorCodec.java:167)
at org.openqa.selenium.remote.codec.w3c.W3CHttpResponseCodec.decode(W3CHttpResponseCodec.java:138)
at org.openqa.selenium.remote.codec.w3c.W3CHttpResponseCodec.decode(W3CHttpResponseCodec.java:50)
at org.openqa.selenium.remote.HttpCommandExecutor.execute(HttpCommandExecutor.java:190)
at org.openqa.selenium.remote.service.DriverCommandExecutor.invokeExecute(DriverCommandExecutor.java:216)
at org.openqa.selenium.remote.service.DriverCommandExecutor.execute(DriverCommandExecutor.java:174)
at org.openqa.selenium.remote.RemoteWebDriver.execute(RemoteWebDriver.java:545)
at org.openqa.selenium.remote.ElementLocation$ElementFinder$2.findElement(ElementLocation.java:165)
at org.openqa.selenium.remote.ElementLocation.findElement(ElementLocation.java:59)
at org.openqa.selenium.remote.RemoteWebDriver.findElement(RemoteWebDriver.java:368)
at org.openqa.selenium.remote.RemoteWebDriver.findElement(RemoteWebDriver.java:362)
at org.openqa.selenium.support.pagefactory.DefaultElementLocator.findElement(DefaultElementLocator.java:68)
at org.openqa.selenium.support.pagefactory.internal.LocatingElementHandler.invoke(LocatingElementHandler.java:38)
at jdk.proxy2/jdk.proxy2.$Proxy28.getText(Unknown Source)
at POM_PACK.B_Registration_page.Get_alertmeg_for_Password(B_Registration_page.java:141)
at Test_PACK.Registration.TC_RF_017_Verify_whether_the_Password_fields_in_the_Register_Account_page_are_following_Password_Complexity_Standards(Registration.java:669)
at java.base/java.util.ArrayList.forEach(ArrayList.java:1597)
... Removed 28 stack frames]]>
    </failure>
  </testcase> <!-- TC_RF_017_Verify_whether_the_Password_fields_in_the_Register_Account_page_are_following_Password_Complexity_Standards -->
  <testcase classname="Test_PACK.Registration" name="TC_RF_019_Verify_whether_the_leading_and_trailing_spaces_entered_into_the_Register_Account_fields_are_trimmed" time="12.672">
    <failure type="org.openqa.selenium.NoSuchElementException" message="no such element: Unable to locate element: {&amp;quot;method&amp;quot;:&amp;quot;css selector&amp;quot;,&amp;quot;selector&amp;quot;:&amp;quot;#input\-email&amp;quot;}
  (Session info: MicrosoftEdge=131.0.2903.112)
For documentation on this error, please visit: https://www.selenium.dev/documentation/webdriver/troubleshooting/errors#no-such-element-exception
Build info: version: &amp;apos;4.25.0&amp;apos;, revision: &amp;apos;8a8aea2337&amp;apos;
System info: os.name: &amp;apos;Windows 11&amp;apos;, os.arch: &amp;apos;amd64&amp;apos;, os.version: &amp;apos;10.0&amp;apos;, java.version: &amp;apos;23&amp;apos;
Driver info: org.openqa.selenium.edge.EdgeDriver
Command: [0b34b44e62fc1e28bee47f3d2252d6ea, findElement {using=id, value=input-email}]
Capabilities {acceptInsecureCerts: false, browserName: MicrosoftEdge, browserVersion: 131.0.2903.112, fedcm:accounts: true, ms:edgeOptions: {debuggerAddress: localhost:51404}, msedge: {msedgedriverVersion: 131.0.2903.112 (16ab910a6e7..., userDataDir: C:\Users\somes\AppData\Loca...}, networkConnectionEnabled: false, pageLoadStrategy: normal, platformName: windows, proxy: Proxy(), se:cdp: ws://localhost:51404/devtoo..., se:cdpVersion: 131.0.2903.112, setWindowRect: true, strictFileInteractability: false, timeouts: {implicit: 0, pageLoad: 300000, script: 30000}, unhandledPromptBehavior: dismiss and notify, webauthn:extension:credBlob: true, webauthn:extension:largeBlob: true, webauthn:extension:minPinLength: true, webauthn:extension:prf: true, webauthn:virtualAuthenticators: true}
Session ID: 0b34b44e62fc1e28bee47f3d2252d6ea">
      <![CDATA[org.openqa.selenium.NoSuchElementException: no such element: Unable to locate element: {"method":"css selector","selector":"#input\-email"}
  (Session info: MicrosoftEdge=131.0.2903.112)
For documentation on this error, please visit: https://www.selenium.dev/documentation/webdriver/troubleshooting/errors#no-such-element-exception
Build info: version: '4.25.0', revision: '8a8aea2337'
System info: os.name: 'Windows 11', os.arch: 'amd64', os.version: '10.0', java.version: '23'
Driver info: org.openqa.selenium.edge.EdgeDriver
Command: [0b34b44e62fc1e28bee47f3d2252d6ea, findElement {using=id, value=input-email}]
Capabilities {acceptInsecureCerts: false, browserName: MicrosoftEdge, browserVersion: 131.0.2903.112, fedcm:accounts: true, ms:edgeOptions: {debuggerAddress: localhost:51404}, msedge: {msedgedriverVersion: 131.0.2903.112 (16ab910a6e7..., userDataDir: C:\Users\somes\AppData\Loca...}, networkConnectionEnabled: false, pageLoadStrategy: normal, platformName: windows, proxy: Proxy(), se:cdp: ws://localhost:51404/devtoo..., se:cdpVersion: 131.0.2903.112, setWindowRect: true, strictFileInteractability: false, timeouts: {implicit: 0, pageLoad: 300000, script: 30000}, unhandledPromptBehavior: dismiss and notify, webauthn:extension:credBlob: true, webauthn:extension:largeBlob: true, webauthn:extension:minPinLength: true, webauthn:extension:prf: true, webauthn:virtualAuthenticators: true}
Session ID: 0b34b44e62fc1e28bee47f3d2252d6ea
at org.openqa.selenium.remote.ErrorCodec.decode(ErrorCodec.java:167)
at org.openqa.selenium.remote.codec.w3c.W3CHttpResponseCodec.decode(W3CHttpResponseCodec.java:138)
at org.openqa.selenium.remote.codec.w3c.W3CHttpResponseCodec.decode(W3CHttpResponseCodec.java:50)
at org.openqa.selenium.remote.HttpCommandExecutor.execute(HttpCommandExecutor.java:190)
at org.openqa.selenium.remote.service.DriverCommandExecutor.invokeExecute(DriverCommandExecutor.java:216)
at org.openqa.selenium.remote.service.DriverCommandExecutor.execute(DriverCommandExecutor.java:174)
at org.openqa.selenium.remote.RemoteWebDriver.execute(RemoteWebDriver.java:545)
at org.openqa.selenium.remote.ElementLocation$ElementFinder$2.findElement(ElementLocation.java:165)
at org.openqa.selenium.remote.ElementLocation.findElement(ElementLocation.java:59)
at org.openqa.selenium.remote.RemoteWebDriver.findElement(RemoteWebDriver.java:368)
at org.openqa.selenium.remote.RemoteWebDriver.findElement(RemoteWebDriver.java:362)
at org.openqa.selenium.support.pagefactory.DefaultElementLocator.findElement(DefaultElementLocator.java:68)
at org.openqa.selenium.support.pagefactory.internal.LocatingElementHandler.invoke(LocatingElementHandler.java:38)
at jdk.proxy2/jdk.proxy2.$Proxy28.getDomProperty(Unknown Source)
at POM_PACK.B_Registration_page.get_getDomProperty_Email(B_Registration_page.java:198)
at Test_PACK.Registration.TC_RF_019_Verify_whether_the_leading_and_trailing_spaces_entered_into_the_Register_Account_fields_are_trimmed(Registration.java:716)
at java.base/java.util.ArrayList.forEach(ArrayList.java:1597)
... Removed 28 stack frames]]>
    </failure>
  </testcase> <!-- TC_RF_019_Verify_whether_the_leading_and_trailing_spaces_entered_into_the_Register_Account_fields_are_trimmed -->
  <testcase classname="Test_PACK.Registration" name="TC_RF_020_Verify_whether_the_Privacy_Policy_checkbox_option_is_not_selected_by_default" time="0.083">
    <failure type="java.lang.AssertionError" message="The following asserts failed:
	expected [Somesh] but found [null],
	expected [Landge] but found [null],
	expected [SunJan05123015IST2025@gmail.com] but found [null],
	expected [1] but found [0],
	expected [Please enter an email address.] but found []">
      <![CDATA[java.lang.AssertionError: The following asserts failed:
expected [Somesh] but found [null],
expected [Landge] but found [null],
expected [SunJan05123015IST2025@gmail.com] but found [null],
expected [1] but found [0],
expected [Please enter an email address.] but found []
at Test_PACK.Registration.TC_RF_020_Verify_whether_the_Privacy_Policy_checkbox_option_is_not_selected_by_default(Registration.java:731)
at java.base/java.util.ArrayList.forEach(ArrayList.java:1597)
... Removed 27 stack frames]]>
    </failure>
  </testcase> <!-- TC_RF_020_Verify_whether_the_Privacy_Policy_checkbox_option_is_not_selected_by_default -->
  <testcase classname="Test_PACK.Registration" name="TC_RF_021_Verify_Registering_the_Account_without_selecting_the_Privacy_Policy_checkbox_option" time="1.851">
    <failure type="java.lang.AssertionError" message="The following asserts failed:
	expected [Somesh] but found [null],
	expected [Landge] but found [null],
	expected [SunJan05123015IST2025@gmail.com] but found [null],
	expected [1] but found [0],
	expected [Please enter an email address.] but found []">
      <![CDATA[java.lang.AssertionError: The following asserts failed:
expected [Somesh] but found [null],
expected [Landge] but found [null],
expected [SunJan05123015IST2025@gmail.com] but found [null],
expected [1] but found [0],
expected [Please enter an email address.] but found []
at Test_PACK.Registration.TC_RF_021_Verify_Registering_the_Account_without_selecting_the_Privacy_Policy_checkbox_option(Registration.java:753)
at java.base/java.util.ArrayList.forEach(ArrayList.java:1597)
... Removed 27 stack frames]]>
    </failure>
  </testcase> <!-- TC_RF_021_Verify_Registering_the_Account_without_selecting_the_Privacy_Policy_checkbox_option -->
  <testcase classname="Test_PACK.Registration" name="TC_RF_022_Verify_the_Password_text_entered_into_the_Password_and_Password_Confirm_field_of_Register_Account_functionality_is_toggled_to_hide_its_visibility" time="0.078">
    <failure type="java.lang.AssertionError" message="The following asserts failed:
	expected [Somesh] but found [null],
	expected [Landge] but found [null],
	expected [SunJan05123015IST2025@gmail.com] but found [null],
	expected [1] but found [0],
	expected [Please enter an email address.] but found []">
      <![CDATA[java.lang.AssertionError: The following asserts failed:
expected [Somesh] but found [null],
expected [Landge] but found [null],
expected [SunJan05123015IST2025@gmail.com] but found [null],
expected [1] but found [0],
expected [Please enter an email address.] but found []
at Test_PACK.Registration.TC_RF_022_Verify_the_Password_text_entered_into_the_Password_and_Password_Confirm_field_of_Register_Account_functionality_is_toggled_to_hide_its_visibility(Registration.java:763)
at java.base/java.util.ArrayList.forEach(ArrayList.java:1597)
... Removed 27 stack frames]]>
    </failure>
  </testcase> <!-- TC_RF_022_Verify_the_Password_text_entered_into_the_Password_and_Password_Confirm_field_of_Register_Account_functionality_is_toggled_to_hide_its_visibility -->
  <testcase classname="Test_PACK.Registration" name="TC_RF_023_Verify_navigating_to_other_pages_using_options_or_links_provided_on_the_Register_Account_page" time="14.533">
    <failure type="java.lang.AssertionError" message="The following asserts failed:
	expected [Somesh] but found [null],
	expected [Landge] but found [null],
	expected [SunJan05123015IST2025@gmail.com] but found [null],
	expected [1] but found [0],
	expected [Please enter an email address.] but found []">
      <![CDATA[java.lang.AssertionError: The following asserts failed:
expected [Somesh] but found [null],
expected [Landge] but found [null],
expected [SunJan05123015IST2025@gmail.com] but found [null],
expected [1] but found [0],
expected [Please enter an email address.] but found []
at Test_PACK.Registration.TC_RF_023_Verify_navigating_to_other_pages_using_options_or_links_provided_on_the_Register_Account_page(Registration.java:884)
at java.base/java.util.ArrayList.forEach(ArrayList.java:1597)
... Removed 27 stack frames]]>
    </failure>
  </testcase> <!-- TC_RF_023_Verify_navigating_to_other_pages_using_options_or_links_provided_on_the_Register_Account_page -->
  <testcase classname="Test_PACK.Registration" name="TC_RF_024_Verify_Registring_Account_by_filling_Password_field_and_not_filling_Password_Confirm_field" time="1.742">
    <failure type="java.lang.AssertionError" message="The following asserts failed:
	expected [Somesh] but found [null],
	expected [Landge] but found [null],
	expected [SunJan05123015IST2025@gmail.com] but found [null],
	expected [1] but found [0],
	expected [Please enter an email address.] but found []">
      <![CDATA[java.lang.AssertionError: The following asserts failed:
expected [Somesh] but found [null],
expected [Landge] but found [null],
expected [SunJan05123015IST2025@gmail.com] but found [null],
expected [1] but found [0],
expected [Please enter an email address.] but found []
at Test_PACK.Registration.TC_RF_024_Verify_Registring_Account_by_filling_Password_field_and_not_filling_Password_Confirm_field(Registration.java:906)
at java.base/java.util.ArrayList.forEach(ArrayList.java:1597)
... Removed 27 stack frames]]>
    </failure>
  </testcase> <!-- TC_RF_024_Verify_Registring_Account_by_filling_Password_field_and_not_filling_Password_Confirm_field -->
  <testcase classname="Test_PACK.Registration" name="TC_RF_025_Verify_Breadcrumb_PageHeading_PageURL_PageTitle_of_Register_AccountPage" time="0.125">
    <failure type="java.lang.AssertionError" message="The following asserts failed:
	expected [Somesh] but found [null],
	expected [Landge] but found [null],
	expected [SunJan05123015IST2025@gmail.com] but found [null],
	expected [1] but found [0],
	expected [Please enter an email address.] but found []">
      <![CDATA[java.lang.AssertionError: The following asserts failed:
expected [Somesh] but found [null],
expected [Landge] but found [null],
expected [SunJan05123015IST2025@gmail.com] but found [null],
expected [1] but found [0],
expected [Please enter an email address.] but found []
at Test_PACK.Registration.TC_RF_025_Verify_Breadcrumb_PageHeading_PageURL_PageTitle_of_Register_AccountPage(Registration.java:919)
at java.base/java.util.ArrayList.forEach(ArrayList.java:1597)
... Removed 27 stack frames]]>
    </failure>
  </testcase> <!-- TC_RF_025_Verify_Breadcrumb_PageHeading_PageURL_PageTitle_of_Register_AccountPage -->
  <testcase classname="Test_PACK.Registration" name="TC_RF_026_Verify_the_UI_of_Register_Account_page" time="0.255">
    <failure type="java.lang.AssertionError" message="The following asserts failed:
	expected [Somesh] but found [null],
	expected [Landge] but found [null],
	expected [SunJan05123015IST2025@gmail.com] but found [null],
	expected [1] but found [0],
	expected [Please enter an email address.] but found []">
      <![CDATA[java.lang.AssertionError: The following asserts failed:
expected [Somesh] but found [null],
expected [Landge] but found [null],
expected [SunJan05123015IST2025@gmail.com] but found [null],
expected [1] but found [0],
expected [Please enter an email address.] but found []
at Test_PACK.Registration.TC_RF_026_Verify_the_UI_of_Register_Account_page(Registration.java:927)
at java.base/java.util.ArrayList.forEach(ArrayList.java:1597)
... Removed 27 stack frames]]>
    </failure>
  </testcase> <!-- TC_RF_026_Verify_the_UI_of_Register_Account_page -->
  <testcase classname="Test_PACK.Registration" name="TC_RF_027_Verify_Register_Account_functionality_in_all_the_supported_environments" time="0.0">
    <failure type="org.testng.TestNGException" message="
Method public void Test_PACK.Registration.TC_RF_027_Verify_Register_Account_functionality_in_all_the_supported_environments(java.lang.String) requires a @DataProvider named : DataProviderforTest">
      <![CDATA[org.testng.TestNGException: 
Method public void Test_PACK.Registration.TC_RF_027_Verify_Register_Account_functionality_in_all_the_supported_environments(java.lang.String) requires a @DataProvider named : DataProviderforTest
at java.base/java.util.ArrayList.forEach(ArrayList.java:1597)
... Removed 24 stack frames]]>
    </failure>
  </testcase> <!-- TC_RF_027_Verify_Register_Account_functionality_in_all_the_supported_environments -->
  <testcase classname="Test_PACK.Registration" name="TC_RF_004_Verify_proper_notification_messages_with_no_data_in_the_madetory_field" time="0.0">
    <ignored/>
  </testcase> <!-- TC_RF_004_Verify_proper_notification_messages_with_no_data_in_the_madetory_field -->
  <testcase classname="Test_PACK.Registration" name="TC_RF_008_Verify_Registering_Account_by_entering_different_passwords_into_Password_and_Password_Confirm_fields" time="0.0">
    <ignored/>
  </testcase> <!-- TC_RF_008_Verify_Registering_Account_by_entering_different_passwords_into_Password_and_Password_Confirm_fields -->
  <testcase classname="Test_PACK.Registration" name="TC_RF_009_Verify_Registering_Account_by_providing_the_existing_account_details" time="0.0">
    <ignored/>
  </testcase> <!-- TC_RF_009_Verify_Registering_Account_by_providing_the_existing_account_details -->
  <testcase classname="Test_PACK.Registration" name="TC_RF_003_verifyRegisteringAnAccountproviding_all_fields" time="0.0">
    <ignored/>
  </testcase> <!-- TC_RF_003_verifyRegisteringAnAccountproviding_all_fields -->
  <testcase classname="Test_PACK.Registration" name="TC_RF_013Verify_all_fields_in_the_Register_Account_page_have_proper_placeholders" time="0.0">
    <ignored/>
  </testcase> <!-- TC_RF_013Verify_all_fields_in_the_Register_Account_page_have_proper_placeholders -->
  <testcase classname="Test_PACK.Registration" name="TC_RF_001_verify_Registering_Account_Using_MandatoryFields" time="0.0">
    <ignored/>
  </testcase> <!-- TC_RF_001_verify_Registering_Account_Using_MandatoryFields -->
  <testcase classname="Test_PACK.Registration" name="TC_RF_010_Verify_registraton_With_invalidEmail" time="0.0">
    <ignored/>
  </testcase> <!-- TC_RF_010_Verify_registraton_With_invalidEmail -->
  <testcase classname="Test_PACK.Registration" name="TC_RF_002_verifyThankYourConfirmationEmailOnSuccessfulRegistration" time="0.0">
    <ignored/>
  </testcase> <!-- TC_RF_002_verifyThankYourConfirmationEmailOnSuccessfulRegistration -->
  <testcase classname="Test_PACK.Registration" name="TC_RF_007_Verify__diff_ways_to_navigating_to_Register_page" time="0.0">
    <ignored/>
  </testcase> <!-- TC_RF_007_Verify__diff_ways_to_navigating_to_Register_page -->
  <testcase classname="Test_PACK.Registration" name="TC_RF_005_Verify_Registering_an_Accountwith_Newsletter_field_As_YES" time="0.0">
    <ignored/>
  </testcase> <!-- TC_RF_005_Verify_Registering_an_Accountwith_Newsletter_field_As_YES -->
  <testcase classname="Test_PACK.Registration" name="TC_RF_006_Verify_Registering_an_Accountwith_Newsletter_field_As_NO" time="0.0">
    <ignored/>
  </testcase> <!-- TC_RF_006_Verify_Registering_an_Accountwith_Newsletter_field_As_NO -->
  <testcase classname="Test_PACK.Registration" name="TC_RF_014_Verify_all_mandatory_fields_in_Register_Account" time="0.0">
    <ignored/>
  </testcase> <!-- TC_RF_014_Verify_all_mandatory_fields_in_Register_Account -->
  <testcase classname="Test_PACK.Registration" name="TC_RF_012Verify_Registering_Account_by_using_Keyboard_keys" time="0.0">
    <ignored/>
  </testcase> <!-- TC_RF_012Verify_Registering_Account_by_using_Keyboard_keys -->
</testsuite> <!-- Default test(failed) -->
