<?xml version="1.0" encoding="UTF-8"?>
<!-- Generated by org.testng.reporters.JUnitXMLReporter -->
<testsuite ignored="25" hostname="SomeshPC" failures="0" tests="1" name="Default test" time="4.507" errors="0" timestamp="2024-12-26T20:14:48 IST">
  <testcase classname="Test_PACK.Registration" name="TC_RF_014_Verify_all_mandatory_fields_in_Register_Account" time="0.077"/>
  <testcase classname="Test_PACK.Registration" name="TC_RF_023_Verify_navigating_to_other_pages_using_options_or_links_provided_on_the_Register_Account_page" time="0.0">
    <ignored/>
  </testcase> <!-- TC_RF_023_Verify_navigating_to_other_pages_using_options_or_links_provided_on_the_Register_Account_page -->
  <testcase classname="Test_PACK.Registration" name="TC_RF_017_Verify_whether_the_Password_fields_in_the_Register_Account_page_are_following_Password_Complexity_Standards" time="0.0">
    <ignored/>
  </testcase> <!-- TC_RF_017_Verify_whether_the_Password_fields_in_the_Register_Account_page_are_following_Password_Complexity_Standards -->
  <testcase classname="Test_PACK.Registration" name="TC_RF_004_Verify_proper_notification_messages_with_no_data_in_the_madetory_field" time="0.0">
    <ignored/>
  </testcase> <!-- TC_RF_004_Verify_proper_notification_messages_with_no_data_in_the_madetory_field -->
  <testcase classname="Test_PACK.Registration" name="TC_RF_026_Verify_the_UI_of_Register_Account_page" time="0.0">
    <ignored/>
  </testcase> <!-- TC_RF_026_Verify_the_UI_of_Register_Account_page -->
  <testcase classname="Test_PACK.Registration" name="TC_RF_001_verify_Registering_Account_Using_MandatoryFields" time="0.0">
    <ignored/>
  </testcase> <!-- TC_RF_001_verify_Registering_Account_Using_MandatoryFields -->
  <testcase classname="Test_PACK.Registration" name="TC_RF_025_Verify_Breadcrumb_PageHeading_PageURL_PageTitle_of_Register_AccountPage" time="0.0">
    <ignored/>
  </testcase> <!-- TC_RF_025_Verify_Breadcrumb_PageHeading_PageURL_PageTitle_of_Register_AccountPage -->
  <testcase classname="Test_PACK.Registration" name="TC_RF_010_Verify_registraton_With_invalidEmail" time="0.0">
    <ignored/>
  </testcase> <!-- TC_RF_010_Verify_registraton_With_invalidEmail -->
  <testcase classname="Test_PACK.Registration" name="TC_RF_002_verifyThankYourConfirmationEmailOnSuccessfulRegistration" time="0.0">
    <ignored/>
  </testcase> <!-- TC_RF_002_verifyThankYourConfirmationEmailOnSuccessfulRegistration -->
  <testcase classname="Test_PACK.Registration" name="TC_RF_007_Verify__diff_ways_to_navigating_to_Register_page" time="0.0">
    <ignored/>
  </testcase> <!-- TC_RF_007_Verify__diff_ways_to_navigating_to_Register_page -->
  <testcase classname="Test_PACK.Registration" name="TC_RF_022_Verify_the_Password_text_entered_into_the_Password_and_Password_Confirm_field_of_Register_Account_functionality_is_toggled_to_hide_its_visibility" time="0.0">
    <ignored/>
  </testcase> <!-- TC_RF_022_Verify_the_Password_text_entered_into_the_Password_and_Password_Confirm_field_of_Register_Account_functionality_is_toggled_to_hide_its_visibility -->
  <testcase classname="Test_PACK.Registration" name="TC_RF_019_Verify_whether_the_leading_and_trailing_spaces_entered_into_the_Register_Account_fields_are_trimmed" time="0.0">
    <ignored/>
  </testcase> <!-- TC_RF_019_Verify_whether_the_leading_and_trailing_spaces_entered_into_the_Register_Account_fields_are_trimmed -->
  <testcase classname="Test_PACK.Registration" name="TC_RF_012Verify_Registering_Account_by_using_Keyboard_keys" time="0.0">
    <ignored/>
  </testcase> <!-- TC_RF_012Verify_Registering_Account_by_using_Keyboard_keys -->
  <testcase classname="Test_PACK.Registration" name="TC_RF_021_Verify_Registering_the_Account_without_selecting_the_Privacy_Policy_checkbox_option" time="0.0">
    <ignored/>
  </testcase> <!-- TC_RF_021_Verify_Registering_the_Account_without_selecting_the_Privacy_Policy_checkbox_option -->
  <testcase classname="Test_PACK.Registration" name="TC_RF_011Verify_Registering_Account_by_providing_invalid_phone_number" time="0.0">
    <ignored/>
  </testcase> <!-- TC_RF_011Verify_Registering_Account_by_providing_invalid_phone_number -->
  <testcase classname="Test_PACK.Registration" name="TC_RF_008_Verify_Registering_Account_by_entering_different_passwords_into_Password_and_Password_Confirm_fields" time="0.0">
    <ignored/>
  </testcase> <!-- TC_RF_008_Verify_Registering_Account_by_entering_different_passwords_into_Password_and_Password_Confirm_fields -->
  <testcase classname="Test_PACK.Registration" name="TC_RF_009_Verify_Registering_Account_by_providing_the_existing_account_details" time="0.0">
    <ignored/>
  </testcase> <!-- TC_RF_009_Verify_Registering_Account_by_providing_the_existing_account_details -->
  <testcase classname="Test_PACK.Registration" name="TC_RF_013Verify_all_fields_in_the_Register_Account_page_have_proper_placeholders" time="0.0">
    <ignored/>
  </testcase> <!-- TC_RF_013Verify_all_fields_in_the_Register_Account_page_have_proper_placeholders -->
  <testcase classname="Test_PACK.Registration" name="TC_RF_003_verifyRegisteringAnAccountproviding_all_fields" time="0.0">
    <ignored/>
  </testcase> <!-- TC_RF_003_verifyRegisteringAnAccountproviding_all_fields -->
  <testcase classname="Test_PACK.Registration" name="TC_RF_027_Verify_Register_Account_functionality_in_all_the_supported_environments" time="0.0">
    <ignored/>
  </testcase> <!-- TC_RF_027_Verify_Register_Account_functionality_in_all_the_supported_environments -->
  <testcase classname="Test_PACK.Registration" name="TC_RF_005_Verify_Registering_an_Accountwith_Newsletter_field_As_YES" time="0.0">
    <ignored/>
  </testcase> <!-- TC_RF_005_Verify_Registering_an_Accountwith_Newsletter_field_As_YES -->
  <testcase classname="Test_PACK.Registration" name="TC_RF_006_Verify_Registering_an_Accountwith_Newsletter_field_As_NO" time="0.0">
    <ignored/>
  </testcase> <!-- TC_RF_006_Verify_Registering_an_Accountwith_Newsletter_field_As_NO -->
  <testcase classname="Test_PACK.Registration" name="TC_RF_015_Verify_details_that_are_provided_while_Registering_Account_are_stored_in_Database" time="0.0">
    <ignored/>
  </testcase> <!-- TC_RF_015_Verify_details_that_are_provided_while_Registering_Account_are_stored_in_Database -->
  <testcase classname="Test_PACK.Registration" name="TC_RF_024_Verify_Registring_Account_by_filling_Password_field_and_not_filling_Password_Confirm_field" time="0.0">
    <ignored/>
  </testcase> <!-- TC_RF_024_Verify_Registring_Account_by_filling_Password_field_and_not_filling_Password_Confirm_field -->
  <testcase classname="Test_PACK.Registration" name="TC_RF_020_Verify_whether_the_Privacy_Policy_checkbox_option_is_not_selected_by_default" time="0.0">
    <ignored/>
  </testcase> <!-- TC_RF_020_Verify_whether_the_Privacy_Policy_checkbox_option_is_not_selected_by_default -->
  <testcase classname="Test_PACK.Registration" name="TC_RF_016_verify_Registering_Account_By_Entering_Only_Spaces" time="0.0">
    <ignored/>
  </testcase> <!-- TC_RF_016_verify_Registering_Account_By_Entering_Only_Spaces -->
</testsuite> <!-- Default test -->
