<?xml version="1.0" encoding="UTF-8"?>
<testng-results ignored="0" total="1" passed="1" failed="0" skipped="0">
  <reporter-output>
  </reporter-output>
  <suite started-at="2024-11-04T11:47:44 IST" name="Default suite" finished-at="2024-11-04T11:47:52 IST" duration-ms="8105">
    <groups>
    </groups>
    <test started-at="2024-11-04T11:47:44 IST" name="Default test" finished-at="2024-11-04T11:47:52 IST" duration-ms="8105">
      <class name="Test_PACK.TC_RF_006">
        <test-method is-config="true" signature="setUp()[pri:0, instance:Test_PACK.TC_RF_006@2a3b5b47]" started-at="2024-11-04T11:47:44 IST" name="setUp" finished-at="2024-11-04T11:47:48 IST" duration-ms="3674" status="PASS">
          <reporter-output>
          </reporter-output>
        </test-method> <!-- setUp -->
        <test-method signature="Verify_Registering_an_Account_when_No_option_is_selected_for_Newsletter_field()[pri:0, instance:Test_PACK.TC_RF_006@2a3b5b47]" started-at="2024-11-04T11:47:48 IST" name="Verify_Registering_an_Account_when_No_option_is_selected_for_Newsletter_field" finished-at="2024-11-04T11:47:51 IST" duration-ms="3060" status="PASS">
          <reporter-output>
          </reporter-output>
        </test-method> <!-- Verify_Registering_an_Account_when_No_option_is_selected_for_Newsletter_field -->
        <test-method is-config="true" signature="tearDown()[pri:0, instance:Test_PACK.TC_RF_006@2a3b5b47]" started-at="2024-11-04T11:47:51 IST" name="tearDown" finished-at="2024-11-04T11:47:52 IST" duration-ms="1322" status="PASS">
          <reporter-output>
          </reporter-output>
        </test-method> <!-- tearDown -->
      </class> <!-- Test_PACK.TC_RF_006 -->
    </test> <!-- Default test -->
  </suite> <!-- Default suite -->
</testng-results>
