<?xml version="1.0" encoding="UTF-8"?>
<testng-results ignored="0" total="1" passed="1" failed="0" skipped="0">
  <reporter-output>
  </reporter-output>
  <suite started-at="2024-10-23T00:19:23 IST" name="Default suite" finished-at="2024-10-23T00:19:28 IST" duration-ms="5007">
    <groups>
    </groups>
    <test started-at="2024-10-23T00:19:23 IST" name="Default test" finished-at="2024-10-23T00:19:28 IST" duration-ms="5007">
      <class name="Test_PACK.TC_RF_004">
        <test-method is-config="true" signature="setUp()[pri:0, instance:Test_PACK.TC_RF_004@38d8f54a]" started-at="2024-10-23T00:19:23 IST" name="setUp" finished-at="2024-10-23T00:19:27 IST" duration-ms="3589" status="PASS">
          <reporter-output>
          </reporter-output>
        </test-method> <!-- setUp -->
        <test-method signature="Verify_proper_notification_messages_with_no_data_in_the_madetory_field()[pri:0, instance:Test_PACK.TC_RF_004@38d8f54a]" started-at="2024-10-23T00:19:27 IST" name="Verify_proper_notification_messages_with_no_data_in_the_madetory_field" finished-at="2024-10-23T00:19:28 IST" duration-ms="1366" status="PASS">
          <reporter-output>
          </reporter-output>
        </test-method> <!-- Verify_proper_notification_messages_with_no_data_in_the_madetory_field -->
      </class> <!-- Test_PACK.TC_RF_004 -->
    </test> <!-- Default test -->
  </suite> <!-- Default suite -->
</testng-results>
